<?xml version="1.0" encoding="UTF-8"?>
<!-- Generated by org.testng.reporters.JUnitReportReporter -->
<testsuite hostname="lanha" failures="0" tests="5" name="testcases.TC003_LoginDataDrivenTest" time="39.897" errors="0" timestamp="2025-03-16T12:26:56 EDT" skipped="0">
  <testcase classname="testcases.TC003_LoginDataDrivenTest" name="verifyLoginDataDriven" time="11.964"/>
  <testcase classname="testcases.TC003_LoginDataDrivenTest" name="verifyLoginDataDriven" time="11.369"/>
  <testcase classname="testcases.TC003_LoginDataDrivenTest" name="verifyLoginDataDriven" time="2.430"/>
  <testcase classname="testcases.TC003_LoginDataDrivenTest" name="verifyLoginDataDriven" time="11.397"/>
  <testcase classname="testcases.TC003_LoginDataDrivenTest" name="verifyLoginDataDriven" time="2.737"/>
</testsuite> <!-- testcases.TC003_LoginDataDrivenTest -->
