<?xml version="1.0" encoding="UTF-8"?>
<!-- Generated by org.testng.reporters.JUnitReportReporter -->
<testsuite hostname="lanha" failures="0" tests="5" name="testcases.TC003_LoginDataDrivenTest" time="39.860" errors="0" timestamp="2025-03-24T13:56:03 EDT" skipped="0">
  <testcase classname="testcases.TC003_LoginDataDrivenTest" name="verifyLoginDataDriven" time="11.612"/>
  <testcase classname="testcases.TC003_LoginDataDrivenTest" name="verifyLoginDataDriven" time="2.757"/>
  <testcase classname="testcases.TC003_LoginDataDrivenTest" name="verifyLoginDataDriven" time="11.019"/>
  <testcase classname="testcases.TC003_LoginDataDrivenTest" name="verifyLoginDataDriven" time="3.066"/>
  <testcase classname="testcases.TC003_LoginDataDrivenTest" name="verifyLoginDataDriven" time="11.406"/>
</testsuite> <!-- testcases.TC003_LoginDataDrivenTest -->
